<?xml version="1.0" encoding="UTF-8"?>
<!-- Generated by org.testng.reporters.JUnitReportReporter -->
<testsuite hostname="LAPTOP-OB76D41L" failures="0" tests="1" name="seleniuminterviewpractice.NewTestExtent" time="5.757" errors="0" timestamp="2022-07-30T12:15:01 EDT" skipped="0">
  <testcase classname="seleniuminterviewpractice.NewTestExtent" name="initial" time="5.757"/>
  <system-out/>
</testsuite> <!-- seleniuminterviewpractice.NewTestExtent -->
