<?xml version="1.0" encoding="UTF-8"?>
<!-- Generated by org.testng.reporters.JUnitReportReporter -->
<testsuite hostname="LAPTOP-OB76D41L" failures="0" tests="3" name="seleniuminterviewpractice.NewTestDP" time="0.013" errors="0" timestamp="2022-07-30T11:22:23 EDT" skipped="0">
  <testcase classname="seleniuminterviewpractice.NewTestDP" name="m1" time="0.001"/>
  <system-out/>
  <testcase classname="seleniuminterviewpractice.NewTestDP" name="m1" time="0.001"/>
  <system-out/>
  <testcase classname="seleniuminterviewpractice.NewTestDP" name="m1" time="0.011"/>
  <system-out/>
</testsuite> <!-- seleniuminterviewpractice.NewTestDP -->
