<?xml version="1.0" encoding="UTF-8"?>
<!-- Generated by org.testng.reporters.JUnitReportReporter -->
<testsuite hostname="LAPTOP-OB76D41L" failures="0" tests="2" name="seleniuminterviewpractice.NewTest1" time="0.007" errors="0" timestamp="2022-07-30T11:10:57 EDT" skipped="0">
  <testcase classname="seleniuminterviewpractice.NewTest1" name="test2" time="0.001"/>
  <system-out/>
  <testcase classname="seleniuminterviewpractice.NewTest1" name="test1" time="0.006"/>
  <system-out/>
</testsuite> <!-- seleniuminterviewpractice.NewTest1 -->
