<?xml version="1.0" encoding="UTF-8"?>
<!-- Generated by org.testng.reporters.JUnitReportReporter -->
<testsuite hostname="LAPTOP-OB76D41L" failures="0" tests="3" name="seleniuminterviewpractice.NewTest2" time="0.007" errors="0" timestamp="2022-07-30T11:10:57 EDT" skipped="0">
  <testcase classname="seleniuminterviewpractice.NewTest2" name="test4" time="0.001"/>
  <system-out/>
  <testcase classname="seleniuminterviewpractice.NewTest2" name="test6" time="0.001"/>
  <system-out/>
  <testcase classname="seleniuminterviewpractice.NewTest2" name="test5" time="0.005"/>
  <system-out/>
</testsuite> <!-- seleniuminterviewpractice.NewTest2 -->
