<?xml version="1.0" encoding="UTF-8"?>
<!-- Generated by org.testng.reporters.JUnitReportReporter -->
<testsuite hostname="LAPTOP-OB76D41L" failures="0" tests="1" name="seleniuminterviewpractice.NewTestLogger" time="0.011" errors="0" timestamp="2022-07-30T15:01:04 EDT" skipped="0">
  <testcase classname="seleniuminterviewpractice.NewTestLogger" name="m1" time="0.011"/>
  <system-out/>
</testsuite> <!-- seleniuminterviewpractice.NewTestLogger -->
